build/app/outputs/mapping/release/seeds.txt
com.example.nutriapp.MainActivity: MainActivity()
com.example.nutriapp.MainActivity
...
io.flutter.plugin.editing.ImeSyncDeferringInsetsCallback: void install()
io.flutter.embedding.android.DrawableSplashScreen$DrawableSplashScreenView
io.flutter.embedding.android.FlutterImageView$SurfaceKind: io.flutter.embedding.android.FlutterImageView$SurfaceKind[] values()
io.flutter.embedding.engine.systemchannels.SettingsChannel$PlatformBrightness: io.flutter.embedding.engine.systemchannels.SettingsChannel$PlatformBrightness[] values()
io.flutter.embedding.engine.FlutterJNI: void dispatchPlatformMessage(java.lang.String,java.nio.ByteBuffer,int,int)
io.flutter.embedding.engine.FlutterJNI: void onSurfaceChanged(int,int)
io.flutter.embedding.android.FlutterTextureView: io.flutter.embedding.engine.renderer.FlutterRenderer getAttachedRenderer()
android.support.v4.graphics.drawable.IconCompatParcelizer: androidx.core.graphics.drawable.IconCompat read(androidx.versionedparcelable.VersionedParcel)
io.flutter.embedding.engine.FlutterJNI: void nativeUpdateJavaAssetManager(long,android.content.res.AssetManager,java.lang.String)
io.flutter.embedding.engine.FlutterJNI: void onFirstFrame()
io.flutter.plugins.urllauncher.UrlLauncher$LaunchStatus: io.flutter.plugins.urllauncher.UrlLauncher$LaunchStatus[] values()
android.support.v4.app.RemoteActionCompatParcelizer: void write(androidx.core.app.RemoteActionCompat,androidx.versionedparcelable.VersionedParcel)
io.flutter.embedding.engine.FlutterJNI: void invokePlatformMessageResponseCallback(int,java.nio.ByteBuffer,int)
io.flutter.embedding.engine.renderer.SurfaceTextureWrapper
io.flutter.view.FlutterCallbackInformation: java.lang.String callbackLibraryPath
androidx.lifecycle.Lifecycle$Event: androidx.lifecycle.Lifecycle$Event ON_START
io.flutter.embedding.engine.FlutterJNI: void ensureNotAttachedToNative()
io.flutter.view.AccessibilityViewEmbedder: boolean requestSendAccessibilityEvent(android.view.View,android.view.View,android.view.accessibility.AccessibilityEvent)
io.flutter.embedding.engine.FlutterJNI: void nativeDispatchPlatformMessage(long,java.lang.String,java.nio.ByteBuffer,int,int)
android.support.v4.app.RemoteActionCompatParcelizer: RemoteActionCompatParcelizer()
io.flutter.embedding.engine.systemchannels.PlatformChannel$ClipboardContentFormat: io.flutter.embedding.engine.systemchannels.PlatformChannel$ClipboardContentFormat valueOf(java.lang.String)
io.flutter.embedding.engine.FlutterJNI: void setViewportMetrics(float,int,int,int,int,int,int,int,int,int,int,int,int,int,int,int)
io.flutter.embedding.engine.FlutterJNI: void onEndFrame()
io.flutter.plugins.GeneratedPluginRegistrant: java.lang.String TAG
io.flutter.view.FlutterCallbackInformation: FlutterCallbackInformation(java.lang.String,java.lang.String,java.lang.String)
androidx.core.graphics.drawable.IconCompatParcelizer
io.flutter.embedding.engine.FlutterJNI: void nativeNotifyLowMemoryWarning(long)
io.flutter.embedding.engine.plugins.lifecycle.HiddenLifecycleReference: androidx.lifecycle.Lifecycle getLifecycle()
io.flutter.embedding.engine.renderer.SurfaceTextureWrapper: void detachFromGLContext()
io.flutter.embedding.engine.systemchannels.SettingsChannel$PlatformBrightness: io.flutter.embedding.engine.systemchannels.SettingsChannel$PlatformBrightness valueOf(java.lang.String)
io.flutter.view.AccessibilityViewEmbedder: android.util.SparseArray flutterIdToOrigin
io.flutter.plugin.platform.SingleViewPresentation: io.flutter.plugin.platform.PlatformViewFactory viewFactory
io.flutter.view.AccessibilityViewEmbedder: io.flutter.view.AccessibilityViewEmbedder$ReflectionAccessors reflectionAccessors
io.flutter.plugin.platform.SingleViewPresentation: android.widget.FrameLayout container
io.flutter.plugin.editing.ImeSyncDeferringInsetsCallback$AnimationCallback: io.flutter.plugin.editing.ImeSyncDeferringInsetsCallback this$0
androidx.core.app.RemoteActionCompat
io.flutter.embedding.android.FlutterSplashView$SavedState: android.os.Bundle access$702(io.flutter.embedding.android.FlutterSplashView$SavedState,android.os.Bundle)