build/app/outputs/mapping/release/usage.txt
com.example.nutriapp.R$mipmap
com.example.nutriapp.R$string
com.example.nutriapp.R$styleable
com.example.nutriapp.R
com.example.nutriapp.R$attr
com.example.nutriapp.R$xml
com.example.nutriapp.R$id
com.example.nutriapp.R$drawable
com.example.nutriapp.R$color
com.example.nutriapp.R$dimen
com.example.nutriapp.R$style
com.example.nutriapp.R$layout
com.example.nutriapp.BuildConfig
com.example.nutriapp.R$integer
...
com.google.common.collect.MapMakerInternalMap$WeakKeyWeakValueSegment
com.google.common.collect.MapMakerInternalMap$HashIterator
com.google.common.collect.RegularImmutableMultiset$ElementSet
androidx.core.provider.FontRequestWorker$4
org.jetbrains.annotations.Nullable
com.google.common.reflect.TypeToInstanceMap
com.google.common.util.concurrent.CycleDetectingLockFactory$Policy
kotlin.text.StringsKt__StringsKt$splitToSequence$1
kotlin.coroutines.jvm.internal.CompletedContinuation
io.flutter.plugin.common.PluginRegistry$Registrar
androidx.core.view.WindowInsetsControllerCompat$Impl26
com.google.common.collect.CompactHashMap$EntrySetView
com.google.errorprone.annotations.Var
kotlin.ExceptionsKt__ExceptionsKt
kotlin.ranges.RangesKt___RangesKt
kotlin.WasExperimental
androidx.core.view.WindowInsetsCompat$BuilderImpl29
com.google.common.util.concurrent.ServiceManager$ServiceManagerState$StoppedGuard
com.google.common.collect.Iterators$2
androidx.core.text.PrecomputedTextCompat$Params$Builder
kotlin.collections.ArraysKt___ArraysKt$asIterable$$inlined$Iterable$5
androidx.annotation.DrawableRes
io.flutter.plugin.platform.PlatformViewRegistryImpl:
    public boolean registerViewFactory(java.lang.String,io.flutter.plugin.platform.PlatformViewFactory)
com.google.common.collect.Multimaps$CustomMultimap
kotlin.collections.ArraysKt
androidx.core.app.NotificationCompat$BubbleMetadata$Api29Impl
androidx.core.telephony.SubscriptionManagerCompat
com.google.common.io.CharStreams$NullWriter
kotlin.comparisons.ComparisonsKt__ComparisonsKt$compareBy$1
kotlin.text.MatcherMatchResult$groupValues$1
com.google.common.collect.DescendingMultiset$1EntrySetImpl
com.google.common.base.SmallCharMatcher
kotlin.coroutines.CoroutineContext$Key
kotlin.collections.ArraysKt___ArraysJvmKt$asList$7
javax.annotation.Syntax
com.google.common.util.concurrent.GwtFuturesCatchingSpecialization:
    void <init>()
androidx.core.content.ContextCompat$Api26Impl
kotlin.reflect.KAnnotatedElement
com.google.common.collect.ArrayTable$Row
com.google.common.collect.HashBiMap$EntryForKey
com.google.common.collect.LinkedListMultimap$1KeySetImpl
kotlin.ranges.URangesKt___URangesKt
com.google.common.collect.Interners$InternerFunction
com.google.common.hash.Funnels$IntegerFunnel
com.google.common.graph.Traverser$GraphTraverser$DepthFirstIterator
kotlin.sequences.SequencesKt___SequencesKt$filterIndexed$1
com.google.common.util.concurrent.SmoothRateLimiter$1
com.google.common.util.concurrent.Callables$2
com.google.common.collect.Interner
com.google.common.io.BaseEncoding$Base16Encoding
androidx.core.view.accessibility.AccessibilityNodeProviderCompat$AccessibilityNodeProviderApi26
javax.annotation.concurrent.GuardedBy
com.google.common.util.concurrent.FuturesGetChecked
androidx.lifecycle.MutableLiveData
io.flutter.view.FlutterRunArguments
com.google.common.reflect.MutableTypeToInstanceMap$UnmodifiableEntry$2
kotlin.jvm.JvmWildcard
androidx.core.content.res.FontResourcesParserCompat$FetchStrategy
com.google.common.collect.Synchronized$SynchronizedList
com.google.common.reflect.TypeCapture
com.google.common.collect.DenseImmutableTable$Row
androidx.core.view.WindowInsetsCompat$Impl20
kotlin.collections.AbstractList$IteratorImpl
androidx.core.view.GestureDetectorCompat$GestureDetectorCompatImpl
com.google.common.io.CharSource$CharSequenceCharSource$1
androidx.annotation.LongDef
kotlin.comparisons.NaturalOrderComparator
kotlin.collections.AbstractMutableList
androidx.core.app.ActivityRecreator$2
com.google.common.graph.ImmutableValueGraph$Builder
com.google.common.collect.ForwardingQueue
com.google.common.collect.ImmutableRangeSet$AsSet$1
com.google.common.graph.GraphConstants$Presence
com.google.common.cache.LocalCache$ManualSerializationProxy
kotlin.PreconditionsKt__AssertionsJVMKt
androidx.core.app.ServiceCompat
io.flutter.embedding.engine.dart.DartExecutor$DefaultBinaryMessenger:
    public void send(java.lang.String,java.nio.ByteBuffer)
androidx.core.app.NotificationChannelGroupCompat